<?xml version="1.0" encoding="utf-8"?><testsuites name="pytest tests"><testsuite name="pytest" errors="6" failures="0" skipped="0" tests="14" time="61.653" timestamp="2026-04-27T13:35:58.409472+00:00" hostname="agent-env-03e0672b-4d65-4cd2-a985-469d96849131"><testcase classname="backend.tests.test_arquitecto" name="test_root" time="0.243" /><testcase classname="backend.tests.test_arquitecto" name="test_categories" time="0.053" /><testcase classname="backend.tests.test_arquitecto" name="test_signup_duplicate" time="0.343" /><testcase classname="backend.tests.test_arquitecto" name="test_login_success" time="0.279" /><testcase classname="backend.tests.test_arquitecto" name="test_login_wrong" time="0.276" /><testcase classname="backend.tests.test_arquitecto" name="test_me_with_token" time="0.052" /><testcase classname="backend.tests.test_arquitecto" name="test_me_no_token" time="0.114" /><testcase classname="backend.tests.test_arquitecto" name="test_generate_requires_auth" time="0.067" /><testcase classname="backend.tests.test_arquitecto" name="test_generate_artifact_structure" time="60.060"><error message="failed on setup with &quot;AssertionError: generate failed: 502 The preview environment is not responding. It may be starting up.&#10;  &#10;assert 502 == 200&#10; +  where 502 = &lt;Response [502]&gt;.status_code&quot;">backend/tests/test_arquitecto.py:95: in generated_artifact
    assert r.status_code == 200, f"generate failed: {r.status_code} {r.text[:500]}"
E   AssertionError: generate failed: 502 The preview environment is not responding. It may be starting up.
E     
E   assert 502 == 200
E    +  where 502 = &lt;Response [502]&gt;.status_code</error></testcase><testcase classname="backend.tests.test_arquitecto" name="test_list_artifacts" time="0.000"><error message="failed on setup with &quot;AssertionError: generate failed: 502 The preview environment is not responding. It may be starting up.&#10;  &#10;assert 502 == 200&#10; +  where 502 = &lt;Response [502]&gt;.status_code&quot;">backend/tests/test_arquitecto.py:95: in generated_artifact
    assert r.status_code == 200, f"generate failed: {r.status_code} {r.text[:500]}"
E   AssertionError: generate failed: 502 The preview environment is not responding. It may be starting up.
E     
E   assert 502 == 200
E    +  where 502 = &lt;Response [502]&gt;.status_code</error></testcase><testcase classname="backend.tests.test_arquitecto" name="test_get_artifact_owner" time="0.000"><error message="failed on setup with &quot;AssertionError: generate failed: 502 The preview environment is not responding. It may be starting up.&#10;  &#10;assert 502 == 200&#10; +  where 502 = &lt;Response [502]&gt;.status_code&quot;">backend/tests/test_arquitecto.py:95: in generated_artifact
    assert r.status_code == 200, f"generate failed: {r.status_code} {r.text[:500]}"
E   AssertionError: generate failed: 502 The preview environment is not responding. It may be starting up.
E     
E   assert 502 == 200
E    +  where 502 = &lt;Response [502]&gt;.status_code</error></testcase><testcase classname="backend.tests.test_arquitecto" name="test_get_artifact_other_user_404" time="0.000"><error message="failed on setup with &quot;AssertionError: generate failed: 502 The preview environment is not responding. It may be starting up.&#10;  &#10;assert 502 == 200&#10; +  where 502 = &lt;Response [502]&gt;.status_code&quot;">backend/tests/test_arquitecto.py:95: in generated_artifact
    assert r.status_code == 200, f"generate failed: {r.status_code} {r.text[:500]}"
E   AssertionError: generate failed: 502 The preview environment is not responding. It may be starting up.
E     
E   assert 502 == 200
E    +  where 502 = &lt;Response [502]&gt;.status_code</error></testcase><testcase classname="backend.tests.test_arquitecto" name="test_download_zip_with_token_query" time="0.000"><error message="failed on setup with &quot;AssertionError: generate failed: 502 The preview environment is not responding. It may be starting up.&#10;  &#10;assert 502 == 200&#10; +  where 502 = &lt;Response [502]&gt;.status_code&quot;">backend/tests/test_arquitecto.py:95: in generated_artifact
    assert r.status_code == 200, f"generate failed: {r.status_code} {r.text[:500]}"
E   AssertionError: generate failed: 502 The preview environment is not responding. It may be starting up.
E     
E   assert 502 == 200
E    +  where 502 = &lt;Response [502]&gt;.status_code</error></testcase><testcase classname="backend.tests.test_arquitecto" name="test_download_zip_with_bearer_header" time="0.000"><error message="failed on setup with &quot;AssertionError: generate failed: 502 The preview environment is not responding. It may be starting up.&#10;  &#10;assert 502 == 200&#10; +  where 502 = &lt;Response [502]&gt;.status_code&quot;">backend/tests/test_arquitecto.py:95: in generated_artifact
    assert r.status_code == 200, f"generate failed: {r.status_code} {r.text[:500]}"
E   AssertionError: generate failed: 502 The preview environment is not responding. It may be starting up.
E     
E   assert 502 == 200
E    +  where 502 = &lt;Response [502]&gt;.status_code</error></testcase></testsuite></testsuites>